\BOOKMARK [1][-]{section.1}{Static website generators}{}% 1
\BOOKMARK [1][-]{section.2}{Jeykll}{}% 2
\BOOKMARK [1][-]{section.3}{Hyde}{}% 3
\BOOKMARK [2][-]{subsection.3.1}{Install}{section.3}% 4
\BOOKMARK [2][-]{subsection.3.2}{Create Hyde Project}{section.3}% 5
\BOOKMARK [2][-]{subsection.3.3}{Generate Site and Run on Local Server}{section.3}% 6
\BOOKMARK [1][-]{section.4}{Pelican}{}% 7
\BOOKMARK [2][-]{subsection.4.1}{Installation}{section.4}% 8
\BOOKMARK [2][-]{subsection.4.2}{Adding Content}{section.4}% 9
\BOOKMARK [3][-]{subsubsection.4.2.1}{Pages}{subsection.4.2}% 10
\BOOKMARK [3][-]{subsubsection.4.2.2}{Blogs}{subsection.4.2}% 11
\BOOKMARK [2][-]{subsection.4.3}{Generating the Website}{section.4}% 12
\BOOKMARK [1][-]{section.5}{Deploying/Publishing}{}% 13
\BOOKMARK [2][-]{subsection.5.1}{Github Pages}{section.5}% 14
\BOOKMARK [2][-]{subsection.5.2}{DropBox}{section.5}% 15
\BOOKMARK [2][-]{subsection.5.3}{FTP to a Host}{section.5}% 16
\BOOKMARK [1][-]{section.6}{Nikola}{}% 17
\BOOKMARK [1][-]{section.7}{Markdown}{}% 18
\BOOKMARK [2][-]{subsection.7.1}{Headings}{section.7}% 19
\BOOKMARK [2][-]{subsection.7.2}{Bold, Italics or Strikethrough}{section.7}% 20
\BOOKMARK [2][-]{subsection.7.3}{Links}{section.7}% 21
\BOOKMARK [2][-]{subsection.7.4}{Lists}{section.7}% 22
\BOOKMARK [3][-]{subsubsection.7.4.1}{Unordered Lists}{subsection.7.4}% 23
\BOOKMARK [3][-]{subsubsection.7.4.2}{Ordered Lists}{subsection.7.4}% 24
\BOOKMARK [2][-]{subsection.7.5}{tables}{section.7}% 25
\BOOKMARK [2][-]{subsection.7.6}{Inserting an Image}{section.7}% 26
\BOOKMARK [1][-]{section.8}{Conclusion}{}% 27
\BOOKMARK [1][-]{appendix.A}{Appendix 1}{}% 28
\BOOKMARK [2][-]{subsection.A.1}{Links}{appendix.A}% 29
